<?xml version="1.0" encoding="UTF-8"?>
<testng-results ignored="0" total="1" passed="1" failed="0" skipped="0">
  <reporter-output>
  </reporter-output>
  <suite started-at="2025-01-22T15:16:20 TOT" name="Suite" finished-at="2025-01-22T15:16:27 TOT" duration-ms="7106">
    <groups>
    </groups>
    <test started-at="2025-01-22T15:16:20 TOT" name="Test" finished-at="2025-01-22T15:16:27 TOT" duration-ms="7106">
      <class name="com.maven.Class1">
        <test-method signature="login()[pri:0, instance:com.maven.Class1@2f7298b]" started-at="2025-01-22T15:16:20 TOT" name="login" finished-at="2025-01-22T15:16:27 TOT" duration-ms="7065" status="PASS">
          <reporter-output>
          </reporter-output>
        </test-method> <!-- login -->
      </class> <!-- com.maven.Class1 -->
    </test> <!-- Test -->
  </suite> <!-- Suite -->
</testng-results>
