<?xml version="1.0" encoding="UTF-8"?>
<testng-results ignored="0" total="1" passed="1" failed="0" skipped="0">
  <reporter-output>
  </reporter-output>
  <suite started-at="2025-01-21T16:52:28 TOT" name="Suite" finished-at="2025-01-21T16:52:35 TOT" duration-ms="6807">
    <groups>
    </groups>
    <test started-at="2025-01-21T16:52:28 TOT" name="Test" finished-at="2025-01-21T16:52:35 TOT" duration-ms="6807">
      <class name="com.maven.Class1">
        <test-method signature="login()[pri:0, instance:com.maven.Class1@3023df74]" started-at="2025-01-21T16:52:28 TOT" name="login" finished-at="2025-01-21T16:52:35 TOT" duration-ms="6772" status="PASS">
          <reporter-output>
          </reporter-output>
        </test-method> <!-- login -->
      </class> <!-- com.maven.Class1 -->
    </test> <!-- Test -->
  </suite> <!-- Suite -->
</testng-results>
